<?xml version="1.0" encoding="UTF-8"?>
<!-- Generated by org.testng.reporters.JUnitReportReporter -->
<testsuite hostname="Dhruv" failures="0" tests="4" name="day1One.HTTPReq" time="6.478" errors="0" timestamp="2023-11-04T08:00:29 IST" skipped="0">
  <testcase classname="day1One.HTTPReq" name="getUsers" time="3.370"/>
  <system-out/>
  <testcase classname="day1One.HTTPReq" name="createUser" time="1.247"/>
  <system-out/>
  <testcase classname="day1One.HTTPReq" name="updateUser" time="0.964"/>
  <system-out/>
  <testcase classname="day1One.HTTPReq" name="deleteUser" time="0.897"/>
  <system-out/>
</testsuite> <!-- day1One.HTTPReq -->
