<?xml version="1.0" encoding="UTF-8"?>
<!-- Generated by org.testng.reporters.JUnitReportReporter -->
<testsuite hostname="Dhruv" failures="0" tests="1" name="day7Seven.AuthenticationTypes" time="3.481" errors="0" timestamp="2023-10-10T12:05:21 IST" skipped="0">
  <testcase classname="day7Seven.AuthenticationTypes" name="testAPIKeyAuth" time="3.481"/>
  <system-out/>
</testsuite> <!-- day7Seven.AuthenticationTypes -->
