<?xml version="1.0" encoding="UTF-8"?>
<!-- Generated by org.testng.reporters.JUnitReportReporter -->
<testsuite hostname="Dhruv" failures="0" tests="1" name="day8Eight.CreateUserForChaining" time="3.566" errors="0" timestamp="2023-10-10T15:34:00 IST" skipped="0">
  <testcase classname="day8Eight.CreateUserForChaining" name="chainingProcces1" time="3.566"/>
  <system-out/>
</testsuite> <!-- day8Eight.CreateUserForChaining -->
