<?xml version="1.0" encoding="UTF-8"?>
<!-- Generated by org.testng.reporters.JUnitReportReporter -->
<testsuite hostname="Dhruv" failures="0" tests="1" name="dayfive.ParseXMLResponse" time="2.342" errors="0" timestamp="2023-10-09T11:04:15 IST" skipped="0">
  <testcase classname="dayfive.ParseXMLResponse" name="testXMLResponseApproach3" time="2.342"/>
  <system-out/>
</testsuite> <!-- dayfive.ParseXMLResponse -->
