<?xml version="1.0" encoding="UTF-8"?>
<!-- Generated by org.testng.reporters.JUnitReportReporter -->
<testsuite hostname="Dhruv" failures="0" tests="1" name="dayThree.HeaderDemo" time="2.356" errors="0" timestamp="2023-09-21T11:10:53 IST" skipped="0">
  <testcase classname="dayThree.HeaderDemo" name="testHeaders" time="2.356"/>
  <system-out/>
</testsuite> <!-- dayThree.HeaderDemo -->
