<?xml version="1.0" encoding="UTF-8"?>
<!-- Generated by org.testng.reporters.JUnitReportReporter -->
<testsuite hostname="Dhruv" failures="0" tests="1" name="day7Seven.FakeDataCreation" time="0.199" errors="0" timestamp="2023-10-10T12:57:00 IST" skipped="0">
  <testcase classname="day7Seven.FakeDataCreation" name="testFake" time="0.199"/>
  <system-out/>
</testsuite> <!-- day7Seven.FakeDataCreation -->
