<?xml version="1.0" encoding="UTF-8"?>
<!-- Generated by org.testng.reporters.JUnitReportReporter -->
<testsuite hostname="Dhruv" failures="0" tests="1" name="dayThree.LoggingResponse" time="2.127" errors="0" timestamp="2023-09-26T02:51:48 IST" skipped="0">
  <testcase classname="dayThree.LoggingResponse" name="logall" time="2.127"/>
  <system-out/>
</testsuite> <!-- dayThree.LoggingResponse -->
