<?xml version="1.0" encoding="UTF-8"?>
<!-- Generated by org.testng.reporters.JUnitReportReporter -->
<testsuite hostname="Dhruv" failures="0" tests="1" name="dayThree.PathAndQuieryParams" time="2.062" errors="0" timestamp="2023-09-21T07:49:23 IST" skipped="0">
  <testcase classname="dayThree.PathAndQuieryParams" name="testPathAndQuieryParams" time="2.062"/>
  <system-out/>
</testsuite> <!-- dayThree.PathAndQuieryParams -->
