<?xml version="1.0" encoding="UTF-8"?>
<!-- Generated by org.testng.reporters.JUnitReportReporter -->
<testsuite hostname="Dhruv" failures="0" tests="4" name="dayOne.HTTPReq" time="4.159" errors="0" timestamp="2023-09-20T16:59:11 IST" skipped="0">
  <testcase classname="dayOne.HTTPReq" name="getUsers" time="2.300"/>
  <system-out/>
  <testcase classname="dayOne.HTTPReq" name="createUser" time="0.797"/>
  <system-out/>
  <testcase classname="dayOne.HTTPReq" name="updateUser" time="0.523"/>
  <system-out/>
  <testcase classname="dayOne.HTTPReq" name="deleteUser" time="0.539"/>
  <system-out/>
</testsuite> <!-- dayOne.HTTPReq -->
