<?xml version="1.0" encoding="UTF-8"?>
<!-- Generated by org.testng.reporters.JUnitReportReporter -->
<testsuite hostname="Dhruv" failures="0" tests="1" name="daysix.JSONSchemaValidation" time="1.732" errors="0" timestamp="2023-10-09T11:16:57 IST" skipped="0">
  <testcase classname="daysix.JSONSchemaValidation" name="jsonSchemaValidation" time="1.732"/>
  <system-out/>
</testsuite> <!-- daysix.JSONSchemaValidation -->
