<?xml version="1.0" encoding="UTF-8"?>
<!-- Generated by org.testng.reporters.JUnitReportReporter -->
<testsuite hostname="Dhruv" failures="0" tests="1" name="dayTwo.waysToCreatePostBody" time="1.702" errors="0" timestamp="2023-09-23T12:51:36 IST" skipped="0">
  <testcase classname="dayTwo.waysToCreatePostBody" name="deleteUserCreated" time="1.702"/>
  <system-out/>
</testsuite> <!-- dayTwo.waysToCreatePostBody -->
