<?xml version="1.0" encoding="UTF-8"?>
<!-- Generated by org.testng.reporters.JUnitReportReporter -->
<testsuite hostname="Dhruv" failures="0" tests="1" name="dayFour.ParsingJSONResponseData" time="1.189" errors="0" timestamp="2023-09-29T15:34:23 IST" skipped="0">
  <testcase classname="dayFour.ParsingJSONResponseData" name="testJSONResData" time="1.189"/>
  <system-out/>
</testsuite> <!-- dayFour.ParsingJSONResponseData -->
